# JRE version: Java(TM) SE Runtime Environment (8.0_181-b13) (build 1.8.0_181-b13)
# Java VM: Java HotSpot(TM) 64-Bit Server VM (25.181-b13 mixed mode windows-amd64 compressed oops)
Heap:
 PSYoungGen      total 1025024K, used 952352K [0x000000076b780000, 0x00000007c0000000, 0x00000007c0000000)
  eden space 674304K, 100% used [0x000000076b780000,0x0000000794a00000,0x0000000794a00000)
  from space 350720K, 79% used [0x0000000794a00000,0x00000007a5988000,0x00000007aa080000)
  to   space 355840K, 16% used [0x00000007aa480000,0x00000007add90000,0x00000007c0000000)
 ParOldGen       total 555520K, used 353368K [0x00000006c2600000, 0x00000006e4480000, 0x000000076b780000)
  object space 555520K, 63% used [0x00000006c2600000,0x00000006d7f160e8,0x00000006e4480000)
 Metaspace       used 6273K, capacity 6496K, committed 6656K, reserved 1056768K
  class space    used 682K, capacity 734K, committed 768K, reserved 1048576K
GC Heap History (10 events):
Event: 19.075 GC heap after
Heap after GC invocations=38 (full 3):
 PSYoungGen      total 1022976K, used 258336K [0x000000076b780000, 0x00000007c0000000, 0x00000007c0000000)
  eden space 660992K, 0% used [0x000000076b780000,0x000000076b780000,0x0000000793d00000)
  from space 361984K, 71% used [0x0000000793d00000,0x00000007a3948000,0x00000007a9e80000)
  to   space 361984K, 0% used [0x00000007a9e80000,0x00000007a9e80000,0x00000007c0000000)
 ParOldGen       total 555520K, used 353344K [0x00000006c2600000, 0x00000006e4480000, 0x000000076b780000)
  object space 555520K, 63% used [0x00000006c2600000,0x00000006d7f100e8,0x00000006e4480000)
 Metaspace       used 6273K, capacity 6496K, committed 6656K, reserved 1056768K
  class space    used 682K, capacity 734K, committed 768K, reserved 1048576K
}
Event: 19.285 GC heap before
{Heap before GC invocations=39 (full 3):
 PSYoungGen      total 1022976K, used 919328K [0x000000076b780000, 0x00000007c0000000, 0x00000007c0000000)
  eden space 660992K, 100% used [0x000000076b780000,0x0000000793d00000,0x0000000793d00000)
  from space 361984K, 71% used [0x0000000793d00000,0x00000007a3948000,0x00000007a9e80000)
  to   space 361984K, 0% used [0x00000007a9e80000,0x00000007a9e80000,0x00000007c0000000)
 ParOldGen       total 555520K, used 353344K [0x00000006c2600000, 0x00000006e4480000, 0x000000076b780000)
  object space 555520K, 63% used [0x00000006c2600000,0x00000006d7f100e8,0x00000006e4480000)
 Metaspace       used 6273K, capacity 6496K, committed 6656K, reserved 1056768K
  class space    used 682K, capacity 734K, committed 768K, reserved 1048576K
Event: 19.674 GC heap after
Heap after GC invocations=39 (full 3):
 PSYoungGen      total 1013760K, used 247488K [0x000000076b780000, 0x00000007bf700000, 0x00000007c0000000)
  eden space 660992K, 0% used [0x000000076b780000,0x000000076b780000,0x0000000793d00000)
  from space 352768K, 70% used [0x00000007a9e80000,0x00000007b9030000,0x00000007bf700000)
  to   space 357376K, 0% used [0x0000000793d00000,0x0000000793d00000,0x00000007a9a00000)
 ParOldGen       total 555520K, used 353352K [0x00000006c2600000, 0x00000006e4480000, 0x000000076b780000)
  object space 555520K, 63% used [0x00000006c2600000,0x00000006d7f120e8,0x00000006e4480000)
 Metaspace       used 6273K, capacity 6496K, committed 6656K, reserved 1056768K
  class space    used 682K, capacity 734K, committed 768K, reserved 1048576K
}
Event: 19.879 GC heap before
{Heap before GC invocations=40 (full 3):
 PSYoungGen      total 1013760K, used 908480K [0x000000076b780000, 0x00000007bf700000, 0x00000007c0000000)
  eden space 660992K, 100% used [0x000000076b780000,0x0000000793d00000,0x0000000793d00000)
  from space 352768K, 70% used [0x00000007a9e80000,0x00000007b9030000,0x00000007bf700000)
  to   space 357376K, 0% used [0x0000000793d00000,0x0000000793d00000,0x00000007a9a00000)
 ParOldGen       total 555520K, used 353352K [0x00000006c2600000, 0x00000006e4480000, 0x000000076b780000)
  object space 555520K, 63% used [0x00000006c2600000,0x00000006d7f120e8,0x00000006e4480000)
 Metaspace       used 6273K, capacity 6496K, committed 6656K, reserved 1056768K
  class space    used 682K, capacity 734K, committed 768K, reserved 1048576K
Event: 20.295 GC heap after
Heap after GC invocations=40 (full 3):
 PSYoungGen      total 1018368K, used 251296K [0x000000076b780000, 0x00000007bfc80000, 0x00000007c0000000)
  eden space 660992K, 0% used [0x000000076b780000,0x000000076b780000,0x0000000793d00000)
  from space 357376K, 70% used [0x0000000793d00000,0x00000007a3268000,0x00000007a9a00000)
  to   space 353280K, 0% used [0x00000007aa380000,0x00000007aa380000,0x00000007bfc80000)
 ParOldGen       total 555520K, used 353360K [0x00000006c2600000, 0x00000006e4480000, 0x000000076b780000)
  object space 555520K, 63% used [0x00000006c2600000,0x00000006d7f140e8,0x00000006e4480000)
 Metaspace       used 6273K, capacity 6496K, committed 6656K, reserved 1056768K
  class space    used 682K, capacity 734K, committed 768K, reserved 1048576K
}
Event: 20.498 GC heap before
{Heap before GC invocations=41 (full 3):
 PSYoungGen      total 1018368K, used 912288K [0x000000076b780000, 0x00000007bfc80000, 0x00000007c0000000)
  eden space 660992K, 100% used [0x000000076b780000,0x0000000793d00000,0x0000000793d00000)
  from space 357376K, 70% used [0x0000000793d00000,0x00000007a3268000,0x00000007a9a00000)
  to   space 353280K, 0% used [0x00000007aa380000,0x00000007aa380000,0x00000007bfc80000)
 ParOldGen       total 555520K, used 353360K [0x00000006c2600000, 0x00000006e4480000, 0x000000076b780000)
  object space 555520K, 63% used [0x00000006c2600000,0x00000006d7f140e8,0x00000006e4480000)
 Metaspace       used 6273K, capacity 6496K, committed 6656K, reserved 1056768K
  class space    used 682K, capacity 734K, committed 768K, reserved 1048576K
Event: 20.895 GC heap after
Heap after GC invocations=41 (full 3):
 PSYoungGen      total 1021952K, used 254368K [0x000000076b780000, 0x00000007bf700000, 0x00000007c0000000)
  eden space 674304K, 0% used [0x000000076b780000,0x000000076b780000,0x0000000794a00000)
  from space 347648K, 73% used [0x00000007aa380000,0x00000007b9be8000,0x00000007bf700000)
  to   space 350720K, 0% used [0x0000000794a00000,0x0000000794a00000,0x00000007aa080000)
 ParOldGen       total 555520K, used 353368K [0x00000006c2600000, 0x00000006e4480000, 0x000000076b780000)
  object space 555520K, 63% used [0x00000006c2600000,0x00000006d7f160e8,0x00000006e4480000)
 Metaspace       used 6273K, capacity 6496K, committed 6656K, reserved 1056768K
  class space    used 682K, capacity 734K, committed 768K, reserved 1048576K
}
Event: 21.142 GC heap before
{Heap before GC invocations=42 (full 3):
 PSYoungGen      total 1021952K, used 928672K [0x000000076b780000, 0x00000007bf700000, 0x00000007c0000000)
  eden space 674304K, 100% used [0x000000076b780000,0x0000000794a00000,0x0000000794a00000)
  from space 347648K, 73% used [0x00000007aa380000,0x00000007b9be8000,0x00000007bf700000)
  to   space 350720K, 0% used [0x0000000794a00000,0x0000000794a00000,0x00000007aa080000)
 ParOldGen       total 555520K, used 353368K [0x00000006c2600000, 0x00000006e4480000, 0x000000076b780000)
  object space 555520K, 63% used [0x00000006c2600000,0x00000006d7f160e8,0x00000006e4480000)
 Metaspace       used 6273K, capacity 6496K, committed 6656K, reserved 1056768K
  class space    used 682K, capacity 734K, committed 768K, reserved 1048576K
Event: 21.607 GC heap after
Heap after GC invocations=42 (full 3):
 PSYoungGen      total 1025024K, used 278048K [0x000000076b780000, 0x00000007c0000000, 0x00000007c0000000)
  eden space 674304K, 0% used [0x000000076b780000,0x000000076b780000,0x0000000794a00000)
  from space 350720K, 79% used [0x0000000794a00000,0x00000007a5988000,0x00000007aa080000)
  to   space 355840K, 0% used [0x00000007aa480000,0x00000007aa480000,0x00000007c0000000)
 ParOldGen       total 555520K, used 353368K [0x00000006c2600000, 0x00000006e4480000, 0x000000076b780000)
  object space 555520K, 63% used [0x00000006c2600000,0x00000006d7f160e8,0x00000006e4480000)
 Metaspace       used 6273K, capacity 6496K, committed 6656K, reserved 1056768K
  class space    used 682K, capacity 734K, committed 768K, reserved 1048576K
}
Event: 21.855 GC heap before
{Heap before GC invocations=43 (full 3):
 PSYoungGen      total 1025024K, used 952352K [0x000000076b780000, 0x00000007c0000000, 0x00000007c0000000)
  eden space 674304K, 100% used [0x000000076b780000,0x0000000794a00000,0x0000000794a00000)
  from space 350720K, 79% used [0x0000000794a00000,0x00000007a5988000,0x00000007aa080000)
  to   space 355840K, 0% used [0x00000007aa480000,0x00000007aa480000,0x00000007c0000000)
 ParOldGen       total 555520K, used 353368K [0x00000006c2600000, 0x00000006e4480000, 0x000000076b780000)
  object space 555520K, 63% used [0x00000006c2600000,0x00000006d7f160e8,0x00000006e4480000)
 Metaspace       used 6273K, capacity 6496K, committed 6656K, reserved 1056768K
  class space    used 682K, capacity 734K, committed 768K, reserved 1048576K

